19:51:20.833 [main] INFO  e.s.calc.logging.LoggerController - Creating model...
19:51:21.314 [main] INFO  e.s.calc.logging.LoggerController - Created!
19:51:21.332 [main] INFO  e.s.calc.logging.LoggerController - Creating model...
19:51:21.332 [main] INFO  e.s.calc.logging.LoggerController - Created!
19:51:21.333 [main] INFO  e.s.calc.logging.LoggerController - Creating presenter...
19:51:21.334 [main] INFO  e.s.calc.logging.LoggerController - Created!
19:51:21.374 [main] INFO  e.s.calc.logging.LoggerController - Creating presenter...
19:51:21.374 [main] INFO  e.s.calc.logging.LoggerController - Created!
19:51:21.412 [main] INFO  e.s.calc.logging.LoggerController - Starting application...
19:51:21.682 [JavaFX Application Thread] INFO  e.s.calc.logging.LoggerController - Initialising JavaFX...
19:51:22.178 [JavaFX Application Thread] INFO  e.s.calc.logging.LoggerController - Connecting styles...
19:51:22.178 [JavaFX Application Thread] INFO  e.s.calc.logging.LoggerController - Connecting css...
19:51:22.179 [JavaFX Application Thread] INFO  e.s.calc.logging.LoggerController - Connected!
19:51:22.179 [JavaFX Application Thread] INFO  e.s.calc.logging.LoggerController - Connecting additional styles...
19:51:22.179 [JavaFX Application Thread] INFO  e.s.calc.logging.LoggerController - Color: null
19:51:22.179 [JavaFX Application Thread] INFO  e.s.calc.logging.LoggerController - Additional color: null appended!
19:51:22.179 [JavaFX Application Thread] INFO  e.s.calc.logging.LoggerController - Color: null
19:51:22.179 [JavaFX Application Thread] INFO  e.s.calc.logging.LoggerController - Additional color: null appended!
19:51:22.179 [JavaFX Application Thread] INFO  e.s.calc.logging.LoggerController - Color: null
19:51:22.179 [JavaFX Application Thread] INFO  e.s.calc.logging.LoggerController - Additional color: null appended!
19:51:22.179 [JavaFX Application Thread] INFO  e.s.calc.logging.LoggerController - Connected!
19:51:22.181 [JavaFX Application Thread] INFO  e.s.calc.logging.LoggerController - Initialised!
19:51:54.291 [main] INFO  e.s.calc.logging.LoggerController - Creating model...
19:51:54.685 [main] INFO  e.s.calc.logging.LoggerController - Created!
19:51:54.701 [main] INFO  e.s.calc.logging.LoggerController - Creating model...
19:51:54.701 [main] INFO  e.s.calc.logging.LoggerController - Created!
19:51:54.702 [main] INFO  e.s.calc.logging.LoggerController - Creating presenter...
19:51:54.702 [main] INFO  e.s.calc.logging.LoggerController - Created!
19:51:54.726 [main] INFO  e.s.calc.logging.LoggerController - Creating presenter...
19:51:54.727 [main] INFO  e.s.calc.logging.LoggerController - Created!
19:51:54.749 [main] INFO  e.s.calc.logging.LoggerController - Starting application...
19:51:54.978 [JavaFX Application Thread] INFO  e.s.calc.logging.LoggerController - Initialising JavaFX...
19:51:55.533 [JavaFX Application Thread] INFO  e.s.calc.logging.LoggerController - Connecting styles...
19:51:55.534 [JavaFX Application Thread] INFO  e.s.calc.logging.LoggerController - Connecting css...
19:51:55.536 [JavaFX Application Thread] INFO  e.s.calc.logging.LoggerController - Connected!
19:51:55.536 [JavaFX Application Thread] INFO  e.s.calc.logging.LoggerController - Connecting additional styles...
19:51:55.536 [JavaFX Application Thread] INFO  e.s.calc.logging.LoggerController - Color: #CCCCCC
19:51:55.536 [JavaFX Application Thread] INFO  e.s.calc.logging.LoggerController - Additional color: #CCCCCC appended!
19:51:55.536 [JavaFX Application Thread] INFO  e.s.calc.logging.LoggerController - Color: #CCCCCC
19:51:55.536 [JavaFX Application Thread] INFO  e.s.calc.logging.LoggerController - Additional color: #CCCCCC appended!
19:51:55.536 [JavaFX Application Thread] INFO  e.s.calc.logging.LoggerController - Color: #EEEEEE
19:51:55.536 [JavaFX Application Thread] INFO  e.s.calc.logging.LoggerController - Additional color: #EEEEEE appended!
19:51:55.536 [JavaFX Application Thread] INFO  e.s.calc.logging.LoggerController - Connected!
19:51:55.538 [JavaFX Application Thread] INFO  e.s.calc.logging.LoggerController - Initialised!
